{
  "RSpec": {
    "coverage": {
      "/home/jader/proyectos/fitloop/app/models/user.rb": {
        "lines": [
          null,
          null,
          null,
          null,
          null,
          1,
          1,
          null,
          null,
          1,
          null,
          1,
          1,
          1,
          1,
          null,
          1,
          null,
          1,
          1,
          1,
          1,
          1,
          1,
          null,
          1,
          507,
          506,
          null,
          null,
          1,
          376,
          376,
          null,
          null,
          1,
          4,
          null,
          null,
          null,
          null,
          1,
          null,
          1,
          883,
          null,
          null,
          1,
          857,
          null,
          null,
          1,
          855,
          854,
          null,
          2,
          null,
          null,
          1,
          2572,
          null,
          2571,
          null,
          null
        ],
        "branches": {
          "[:unless, 0, 45, 4, 45, 63]": {
            "[:else, 1, 45, 4, 45, 63]": 882,
            "[:then, 2, 45, 4, 45, 46]": 1
          },
          "[:if, 3, 53, 4, 53, 29]": {
            "[:then, 4, 53, 4, 53, 10]": 1,
            "[:else, 5, 53, 4, 53, 29]": 854
          },
          "[:if, 6, 54, 4, 54, 35]": {
            "[:then, 7, 54, 4, 54, 10]": 852,
            "[:else, 8, 54, 4, 54, 35]": 2
          },
          "[:if, 9, 60, 4, 60, 37]": {
            "[:then, 10, 60, 4, 60, 16]": 1,
            "[:else, 11, 60, 4, 60, 37]": 2571
          }
        }
      },
      "/home/jader/proyectos/fitloop/app/models/application_record.rb": {
        "lines": [
          1,
          1,
          null
        ],
        "branches": {}
      },
      "/home/jader/proyectos/fitloop/app/services/billing/gateway.rb": {
        "lines": [
          null,
          null,
          1,
          null,
          1,
          1,
          1,
          null,
          1,
          126,
          null,
          null,
          1,
          3,
          null,
          null,
          1,
          126,
          null,
          null,
          null
        ],
        "branches": {}
      },
      "/home/jader/proyectos/fitloop/app/helpers/admin/ventas_helper.rb": {
        "lines": [
          null,
          null,
          1,
          1,
          1,
          78,
          null,
          null,
          1,
          78,
          null,
          null,
          1,
          2,
          null,
          null,
          1,
          45,
          null,
          null,
          1,
          23,
          null,
          null,
          1,
          15,
          null,
          null,
          null
        ],
        "branches": {}
      },
      "/home/jader/proyectos/fitloop/app/helpers/application_helper.rb": {
        "lines": [
          1,
          1,
          1,
          1,
          1,
          null,
          1,
          5,
          null,
          3,
          3,
          3,
          null,
          null,
          null,
          null,
          1,
          32,
          null,
          null,
          1,
          32,
          null,
          null,
          1,
          603,
          null,
          13,
          null,
          null,
          1,
          603,
          null,
          null,
          1,
          5,
          null,
          null,
          null,
          null,
          1,
          577,
          577,
          null,
          503,
          null,
          null,
          1,
          2,
          2,
          2,
          2,
          1,
          null,
          2,
          null,
          null,
          null,
          1,
          555,
          null,
          null,
          1,
          1,
          null,
          null,
          1,
          2725,
          2725,
          null,
          791,
          null,
          null,
          1,
          1875,
          null,
          null,
          null,
          1,
          2727,
          2727,
          null,
          2581,
          null,
          1,
          null,
          1,
          null,
          1,
          null,
          555,
          null,
          null,
          1,
          13,
          null,
          null,
          1,
          3,
          null,
          1,
          null,
          null,
          1,
          20,
          null,
          null,
          1,
          13,
          null,
          13,
          null,
          null,
          null,
          null,
          null,
          null,
          null,
          null,
          1,
          150,
          null,
          null,
          1,
          1,
          1,
          null,
          null,
          1,
          76,
          null,
          null,
          1,
          75,
          null,
          null,
          1,
          1,
          null,
          null,
          null,
          null,
          null,
          null,
          null,
          1,
          52,
          null,
          null
        ],
        "branches": {
          "[:if, 0, 8, 4, 8, 28]": {
            "[:then, 1, 8, 4, 8, 13]": 2,
            "[:else, 2, 8, 4, 8, 28]": 3
          },
          "[:if, 3, 22, 4, 22, 84]": {
            "[:then, 4, 22, 45, 22, 63]": 7,
            "[:else, 5, 22, 66, 22, 84]": 25
          },
          "[:unless, 6, 26, 4, 26, 65]": {
            "[:else, 7, 26, 4, 26, 65]": 13,
            "[:then, 8, 26, 4, 26, 24]": 590
          },
          "[:unless, 9, 43, 4, 43, 36]": {
            "[:else, 10, 43, 4, 43, 36]": 503,
            "[:then, 11, 43, 4, 43, 14]": 74
          },
          "[:if, 12, 52, 6, 54, 9]": {
            "[:then, 13, 53, 8, 53, 54]": 1,
            "[:else, 14, 52, 6, 54, 9]": 1
          },
          "[:unless, 15, 69, 4, 69, 26]": {
            "[:else, 16, 69, 4, 69, 26]": 791,
            "[:then, 17, 69, 4, 69, 14]": 1934
          },
          "[:\"&.\", 18, 75, 4, 75, 43]": {
            "[:then, 19, 75, 4, 75, 43]": 14,
            "[:else, 20, 75, 4, 75, 43]": 1861
          },
          "[:\"&.\", 21, 80, 10, 80, 22]": {
            "[:then, 22, 80, 10, 80, 22]": 2726,
            "[:else, 23, 80, 10, 80, 22]": 1
          },
          "[:\"&.\", 24, 81, 22, 81, 41]": {
            "[:then, 25, 81, 22, 81, 41]": 2725,
            "[:else, 26, 81, 22, 81, 41]": 2
          },
          "[:unless, 27, 81, 4, 81, 41]": {
            "[:else, 28, 81, 4, 81, 41]": 2581,
            "[:then, 29, 81, 4, 81, 14]": 146
          },
          "[:\"&.\", 30, 83, 4, 83, 23]": {
            "[:then, 31, 83, 4, 83, 23]": 2580,
            "[:else, 32, 83, 4, 83, 23]": 1
          },
          "[:if, 33, 99, 4, 99, 106]": {
            "[:then, 34, 99, 4, 99, 53]": 2,
            "[:else, 35, 99, 4, 99, 106]": 1
          },
          "[:if, 36, 130, 4, 130, 89]": {
            "[:then, 37, 130, 30, 130, 49]": 70,
            "[:else, 38, 130, 52, 130, 89]": 6
          }
        }
      },
      "/home/jader/proyectos/fitloop/app/helpers/workshop_url_helper.rb": {
        "lines": [
          null,
          null,
          null,
          1,
          1,
          128,
          null,
          null,
          1,
          8,
          null,
          null,
          1,
          439,
          null,
          null,
          1,
          489,
          null,
          null,
          1,
          429,
          null,
          null,
          1,
          70,
          null,
          null,
          1,
          10,
          null,
          null,
          1,
          3,
          3,
          null,
          null,
          1,
          23,
          null,
          null,
          1,
          483,
          null,
          null,
          1,
          48,
          48,
          48,
          null,
          null,
          1,
          536,
          null,
          null,
          1,
          111,
          111,
          111,
          null,
          null,
          1,
          32,
          32,
          null,
          null,
          1,
          4,
          4,
          null,
          null,
          1,
          9,
          9,
          null,
          null,
          1,
          5,
          5,
          null,
          null,
          1,
          1,
          1,
          null,
          null
        ],
        "branches": {
          "[:\"&.\", 0, 48, 24, 48, 34]": {
            "[:then, 1, 48, 24, 48, 34]": 46,
            "[:else, 2, 48, 24, 48, 34]": 1
          },
          "[:\"&.\", 3, 58, 24, 58, 31]": {
            "[:then, 4, 58, 24, 58, 31]": 109,
            "[:else, 5, 58, 24, 58, 31]": 1
          }
        }
      },
      "/home/jader/proyectos/fitloop/app/helpers/nesting_progress_helper.rb": {
        "lines": [
          null,
          null,
          1,
          null,
          1,
          181,
          null,
          null,
          null,
          1,
          61,
          61,
          61,
          61,
          61,
          null,
          null
        ],
        "branches": {
          "[:if, 0, 13, 4, 13, 40]": {
            "[:then, 1, 13, 4, 13, 20]": 60,
            "[:else, 2, 13, 4, 13, 40]": 1
          },
          "[:if, 3, 14, 4, 14, 47]": {
            "[:then, 4, 14, 4, 14, 26]": 60,
            "[:else, 5, 14, 4, 14, 47]": 1
          }
        }
      },
      "/home/jader/proyectos/fitloop/app/helpers/ui_helper.rb": {
        "lines": [
          null,
          null,
          null,
          1,
          1,
          92,
          90,
          null,
          null,
          2,
          2,
          2,
          null,
          null,
          1,
          1,
          null,
          null,
          1,
          588,
          null,
          null,
          1,
          588,
          null,
          null,
          1,
          2083,
          null,
          null
        ],
        "branches": {
          "[:if, 0, 6, 4, 8, 7]": {
            "[:then, 1, 7, 6, 7, 24]": 90,
            "[:else, 2, 6, 4, 8, 7]": 2
          },
          "[:if, 3, 10, 11, 10, 68]": {
            "[:then, 4, 10, 39, 10, 55]": 1,
            "[:else, 5, 10, 58, 10, 68]": 1
          }
        }
      },
      "/home/jader/proyectos/fitloop/app/helpers/nesting_preview_helper.rb": {
        "lines": [
          null,
          null,
          null,
          1,
          1,
          1,
          1,
          null,
          1,
          31,
          null,
          null,
          null,
          null,
          null,
          31,
          null,
          31,
          null,
          34,
          null,
          null,
          null,
          null,
          null,
          null,
          null,
          null,
          null,
          null,
          1,
          null,
          1,
          null,
          34,
          null,
          null,
          null,
          null,
          34,
          34,
          33,
          null,
          34,
          null,
          null,
          null,
          null,
          null,
          null,
          null,
          null,
          34,
          34,
          33,
          null,
          34,
          null,
          null,
          1,
          33,
          null,
          33,
          null,
          null,
          null,
          null,
          null,
          null,
          null,
          1,
          33,
          null,
          null,
          null,
          null,
          null,
          null,
          null,
          1,
          2,
          2,
          null,
          null,
          1,
          33,
          14,
          null,
          null,
          null,
          null,
          null,
          null,
          null,
          null,
          33,
          30,
          null,
          null,
          null,
          null,
          null,
          null,
          3,
          null,
          null,
          33,
          null,
          null,
          1,
          61,
          30,
          30,
          null,
          null,
          null,
          null,
          null,
          null,
          null,
          null,
          null,
          1,
          3,
          3,
          null,
          null,
          null,
          null,
          null,
          null,
          null,
          null,
          null,
          null,
          1,
          16,
          16,
          null,
          9,
          9,
          null,
          7,
          14,
          14,
          14,
          14,
          null,
          null,
          7,
          null,
          null,
          null,
          null,
          null,
          null,
          null,
          null,
          5,
          5,
          null,
          3,
          null,
          null,
          null,
          null,
          null,
          null,
          null,
          null,
          null,
          null,
          1,
          43,
          null,
          19,
          19,
          19,
          19,
          19,
          null,
          null,
          1,
          31,
          124,
          124,
          124,
          124,
          null,
          null,
          null,
          null,
          1,
          3,
          null,
          null,
          null,
          1,
          34,
          null,
          null
        ],
        "branches": {
          "[:if, 0, 16, 13, 16, 45]": {
            "[:then, 1, 16, 22, 16, 40]": 30,
            "[:else, 2, 16, 43, 16, 45]": 1
          },
          "[:if, 3, 54, 4, 56, 7]": {
            "[:then, 4, 55, 6, 55, 91]": 33,
            "[:else, 5, 54, 4, 56, 7]": 1
          },
          "[:if, 6, 82, 4, 82, 75]": {
            "[:then, 7, 82, 31, 82, 49]": 1,
            "[:else, 8, 82, 52, 82, 75]": 1
          },
          "[:if, 9, 96, 6, 105, 9]": {
            "[:then, 10, 97, 8, 102, 9]": 30,
            "[:else, 11, 104, 8, 104, 112]": 3
          },
          "[:case, 12, 138, 4, 170, 7]": {
            "[:when, 13, 140, 6, 157, 7]": 9,
            "[:when, 14, 159, 6, 169, 7]": 5,
            "[:else, 15, 138, 4, 170, 7]": 2
          },
          "[:if, 16, 141, 6, 141, 31]": {
            "[:then, 17, 141, 6, 141, 12]": 2,
            "[:else, 18, 141, 6, 141, 31]": 7
          },
          "[:if, 19, 146, 17, 146, 40]": {
            "[:then, 20, 146, 31, 146, 34]": 7,
            "[:else, 21, 146, 37, 146, 40]": 7
          },
          "[:unless, 22, 160, 6, 160, 59]": {
            "[:else, 23, 160, 6, 160, 59]": 3,
            "[:then, 24, 160, 6, 160, 12]": 2
          },
          "[:if, 25, 174, 4, 174, 29]": {
            "[:then, 26, 174, 4, 174, 13]": 24,
            "[:else, 27, 174, 4, 174, 29]": 19
          },
          "[:if, 28, 177, 4, 177, 34]": {
            "[:then, 29, 177, 4, 177, 24]": 12,
            "[:else, 30, 177, 4, 177, 34]": 7
          },
          "[:if, 31, 178, 4, 178, 43]": {
            "[:then, 32, 178, 4, 178, 33]": 12,
            "[:else, 33, 178, 4, 178, 43]": 7
          },
          "[:if, 34, 179, 27, 179, 46]": {
            "[:then, 35, 179, 36, 179, 40]": 12,
            "[:else, 36, 179, 43, 179, 46]": 7
          },
          "[:if, 37, 187, 15, 187, 38]": {
            "[:then, 38, 187, 29, 187, 32]": 31,
            "[:else, 39, 187, 35, 187, 38]": 93
          }
        }
      },
      "/home/jader/proyectos/fitloop/app/helpers/billing_helper.rb": {
        "lines": [
          null,
          null,
          1,
          1,
          null,
          1,
          35,
          null,
          34,
          34,
          null,
          null,
          1,
          10,
          1,
          null,
          9,
          null,
          null,
          1,
          3,
          1,
          1,
          1,
          null,
          null,
          null,
          null,
          1,
          null,
          19,
          null,
          null,
          null,
          null,
          null,
          null,
          null,
          null,
          null,
          1,
          72,
          null,
          11,
          null,
          60,
          null,
          1,
          null,
          null,
          null,
          1,
          154,
          null,
          null,
          1,
          448,
          null,
          448,
          445,
          null,
          3,
          null,
          448,
          null,
          null,
          1,
          415,
          null,
          null,
          1,
          2,
          null,
          null,
          1,
          null,
          1,
          11,
          null,
          5,
          null,
          null,
          null,
          null,
          null,
          null,
          6,
          null,
          5,
          null,
          null,
          null,
          null,
          null,
          null,
          1,
          null,
          null,
          null,
          null,
          null,
          null,
          null,
          1,
          60,
          null,
          60,
          null,
          34,
          null,
          null,
          null,
          null,
          null,
          null,
          26,
          null,
          25,
          null,
          null,
          null,
          null,
          null,
          null,
          1,
          null,
          null,
          null,
          null,
          null,
          null,
          null
        ],
        "branches": {
          "[:if, 0, 7, 4, 7, 28]": {
            "[:then, 1, 7, 4, 7, 13]": 1,
            "[:else, 2, 7, 4, 7, 28]": 34
          },
          "[:\"&.\", 3, 9, 11, 9, 26]": {
            "[:then, 4, 9, 11, 9, 26]": 33,
            "[:else, 5, 9, 11, 9, 26]": 1
          },
          "[:case, 6, 21, 4, 25, 7]": {
            "[:when, 7, 22, 26, 22, 51]": 1,
            "[:when, 8, 23, 23, 23, 45]": 1,
            "[:else, 9, 24, 9, 24, 30]": 1
          },
          "[:case, 10, 42, 4, 49, 7]": {
            "[:when, 11, 44, 6, 44, 67]": 11,
            "[:when, 12, 46, 6, 46, 70]": 60,
            "[:else, 13, 48, 6, 48, 60]": 1
          },
          "[:if, 14, 59, 6, 63, 9]": {
            "[:then, 15, 60, 8, 60, 62]": 445,
            "[:else, 16, 62, 8, 62, 68]": 3
          },
          "[:if, 17, 68, 4, 68, 78]": {
            "[:then, 18, 68, 23, 68, 49]": 107,
            "[:else, 19, 68, 52, 68, 78]": 308
          },
          "[:if, 20, 72, 4, 72, 36]": {
            "[:then, 21, 72, 23, 72, 28]": 1,
            "[:else, 22, 72, 31, 72, 36]": 1
          },
          "[:if, 23, 78, 4, 85, 7]": {
            "[:then, 24, 79, 6, 84, 7]": 5,
            "[:else, 25, 78, 4, 85, 7]": 6
          },
          "[:if, 26, 87, 4, 101, 7]": {
            "[:then, 27, 88, 6, 93, 7]": 5,
            "[:else, 28, 95, 6, 100, 7]": 1
          },
          "[:if, 29, 107, 4, 114, 7]": {
            "[:then, 30, 108, 6, 113, 7]": 34,
            "[:else, 31, 107, 4, 114, 7]": 26
          },
          "[:if, 32, 116, 4, 130, 7]": {
            "[:then, 33, 117, 6, 122, 7]": 25,
            "[:else, 34, 124, 6, 129, 7]": 1
          }
        }
      },
      "/home/jader/proyectos/fitloop/app/helpers/mis_pagos_helper.rb": {
        "lines": [
          null,
          null,
          null,
          1,
          1,
          10,
          2,
          8,
          1,
          7,
          6,
          null,
          1,
          null,
          null,
          null,
          1,
          10,
          2,
          8,
          1,
          7,
          6,
          null,
          1,
          null,
          null,
          null,
          1,
          10,
          10,
          2,
          8,
          1,
          7,
          6,
          null,
          1,
          null,
          null,
          null,
          1,
          12,
          1,
          null,
          11,
          null,
          null,
          null,
          1,
          12,
          null,
          11,
          null,
          null,
          1,
          12,
          8,
          3,
          1,
          null,
          null,
          null,
          1,
          3,
          null,
          2,
          null,
          null,
          null,
          null,
          null,
          1,
          null,
          null,
          null,
          null,
          null,
          null,
          1,
          9,
          9,
          null,
          null,
          1,
          9,
          9,
          null,
          6,
          null,
          null,
          1,
          9,
          null,
          null,
          1,
          11,
          11,
          null,
          8,
          6,
          6,
          null,
          2,
          2,
          null,
          null,
          null,
          1,
          14,
          12,
          null,
          11,
          null,
          null,
          1,
          17,
          null,
          null,
          1,
          9,
          9,
          null,
          6,
          null,
          null,
          1,
          9,
          9,
          null,
          6,
          null,
          null,
          1,
          17,
          17,
          null,
          17,
          null,
          null,
          null,
          17,
          null,
          null
        ],
        "branches": {
          "[:if, 0, 6, 4, 14, 7]": {
            "[:then, 1, 7, 6, 7, 56]": 2,
            "[:else, 2, 8, 4, 14, 7]": 8
          },
          "[:if, 3, 8, 4, 14, 7]": {
            "[:then, 4, 9, 6, 9, 52]": 1,
            "[:else, 5, 10, 4, 14, 7]": 7
          },
          "[:if, 6, 10, 4, 14, 7]": {
            "[:then, 7, 11, 6, 11, 54]": 6,
            "[:else, 8, 13, 6, 13, 52]": 1
          },
          "[:if, 9, 18, 4, 26, 7]": {
            "[:then, 10, 19, 6, 19, 28]": 2,
            "[:else, 11, 20, 4, 26, 7]": 8
          },
          "[:if, 12, 20, 4, 26, 7]": {
            "[:then, 13, 21, 6, 21, 32]": 1,
            "[:else, 14, 22, 4, 26, 7]": 7
          },
          "[:if, 15, 22, 4, 26, 7]": {
            "[:then, 16, 23, 6, 23, 31]": 6,
            "[:else, 17, 25, 6, 25, 28]": 1
          },
          "[:if, 18, 31, 4, 39, 7]": {
            "[:then, 19, 32, 6, 32, 59]": 2,
            "[:else, 20, 33, 4, 39, 7]": 8
          },
          "[:if, 21, 33, 4, 39, 7]": {
            "[:then, 22, 34, 6, 34, 56]": 1,
            "[:else, 23, 35, 4, 39, 7]": 7
          },
          "[:if, 24, 35, 4, 39, 7]": {
            "[:then, 25, 36, 6, 36, 45]": 6,
            "[:else, 26, 38, 6, 38, 47]": 1
          },
          "[:if, 27, 43, 4, 47, 7]": {
            "[:then, 28, 44, 6, 44, 46]": 1,
            "[:else, 29, 46, 6, 46, 53]": 11
          },
          "[:if, 30, 51, 4, 51, 56]": {
            "[:then, 31, 51, 4, 51, 33]": 1,
            "[:else, 32, 51, 4, 51, 56]": 11
          },
          "[:case, 33, 57, 4, 61, 7]": {
            "[:when, 34, 58, 26, 58, 51]": 8,
            "[:when, 35, 59, 24, 59, 50]": 3,
            "[:else, 36, 60, 9, 60, 31]": 1
          },
          "[:if, 37, 65, 4, 77, 7]": {
            "[:then, 38, 66, 6, 70, 7]": 2,
            "[:else, 39, 72, 6, 76, 7]": 1
          },
          "[:\"&.\", 40, 81, 12, 81, 36]": {
            "[:then, 41, 81, 12, 81, 36]": 7,
            "[:else, 42, 81, 12, 81, 36]": 2
          },
          "[:\"&.\", 43, 81, 12, 81, 43]": {
            "[:then, 44, 81, 12, 81, 43]": 7,
            "[:else, 45, 81, 12, 81, 43]": 2
          },
          "[:if, 46, 87, 4, 87, 30]": {
            "[:then, 47, 87, 4, 87, 14]": 3,
            "[:else, 48, 87, 4, 87, 30]": 6
          },
          "[:\"&.\", 49, 98, 22, 98, 47]": {
            "[:then, 50, 98, 22, 98, 47]": 8,
            "[:else, 51, 98, 22, 98, 47]": 3
          },
          "[:unless, 52, 98, 4, 98, 47]": {
            "[:else, 53, 98, 4, 98, 47]": 8,
            "[:then, 54, 98, 4, 98, 14]": 3
          },
          "[:if, 55, 100, 4, 106, 7]": {
            "[:then, 56, 101, 6, 102, 74]": 6,
            "[:else, 57, 104, 6, 105, 58]": 2
          },
          "[:if, 58, 101, 12, 101, 76]": {
            "[:then, 59, 101, 27, 101, 50]": 3,
            "[:else, 60, 101, 53, 101, 76]": 3
          },
          "[:if, 61, 104, 19, 104, 97]": {
            "[:then, 62, 104, 34, 104, 64]": 1,
            "[:else, 63, 104, 67, 104, 97]": 1
          },
          "[:unless, 64, 110, 4, 110, 46]": {
            "[:else, 65, 110, 4, 110, 46]": 12,
            "[:then, 66, 110, 4, 110, 14]": 2
          },
          "[:if, 67, 111, 4, 111, 51]": {
            "[:then, 68, 111, 4, 111, 14]": 1,
            "[:else, 69, 111, 4, 111, 51]": 11
          },
          "[:unless, 70, 122, 4, 122, 29]": {
            "[:else, 71, 122, 4, 122, 29]": 6,
            "[:then, 72, 122, 4, 122, 14]": 3
          },
          "[:unless, 73, 129, 4, 129, 29]": {
            "[:else, 74, 129, 4, 129, 29]": 6,
            "[:then, 75, 129, 4, 129, 14]": 3
          },
          "[:if, 76, 138, 17, 138, 51]": {
            "[:then, 77, 138, 46, 138, 47]": 14,
            "[:else, 78, 138, 50, 138, 51]": 3
          }
        }
      },
      "/home/jader/proyectos/fitloop/app/helpers/orphans_preview_helper.rb": {
        "lines": [
          null,
          null,
          null,
          1,
          1,
          11,
          null,
          null,
          null,
          null,
          null,
          null,
          null,
          11,
          11,
          null,
          null,
          null,
          null,
          null,
          null,
          null,
          null,
          null,
          null,
          1,
          11,
          11,
          10,
          null,
          9,
          9,
          9,
          9,
          null,
          8,
          8,
          8,
          8,
          null,
          8,
          null,
          null,
          null,
          null,
          null,
          null,
          8,
          8,
          7,
          null,
          null,
          null,
          8,
          null,
          15,
          null,
          null,
          8,
          8,
          null,
          null,
          null,
          1,
          11,
          null,
          null,
          1,
          8,
          null,
          null,
          null,
          null,
          null,
          null,
          1,
          8,
          null,
          null,
          1,
          null,
          1,
          19,
          null,
          null,
          null,
          null,
          null,
          null,
          1,
          46,
          null,
          null,
          1,
          9,
          30,
          null,
          9,
          7,
          null,
          9,
          null,
          96,
          96,
          8,
          null,
          null,
          1,
          7,
          7,
          7,
          7,
          null,
          null,
          null,
          null,
          null,
          null,
          null,
          null,
          1,
          15,
          15,
          15,
          15,
          null,
          null,
          null,
          null,
          null,
          null,
          null,
          null,
          1,
          8,
          8,
          8,
          7,
          7,
          null,
          7,
          null,
          7,
          null,
          null,
          null,
          null,
          null,
          1,
          22,
          88,
          88,
          88,
          88,
          null,
          null,
          null,
          1,
          30,
          30,
          null,
          null,
          1,
          22,
          null,
          null,
          1,
          11,
          22,
          null,
          null,
          1,
          11,
          44,
          44,
          44,
          44,
          null,
          null,
          null,
          1,
          104,
          104,
          null,
          null
        ],
        "branches": {
          "[:unless, 0, 28, 4, 28, 26]": {
            "[:else, 1, 28, 4, 28, 26]": 10,
            "[:then, 2, 28, 4, 28, 10]": 1
          },
          "[:unless, 3, 29, 4, 29, 55]": {
            "[:else, 4, 29, 4, 29, 55]": 9,
            "[:then, 5, 29, 4, 29, 10]": 1
          },
          "[:if, 6, 32, 19, 32, 57]": {
            "[:then, 7, 32, 40, 32, 52]": 7,
            "[:else, 8, 32, 55, 32, 57]": 2
          },
          "[:if, 9, 34, 4, 34, 25]": {
            "[:then, 10, 34, 4, 34, 10]": 1,
            "[:else, 11, 34, 4, 34, 25]": 8
          },
          "[:if, 12, 49, 6, 53, 9]": {
            "[:then, 13, 50, 8, 52, 9]": 7,
            "[:else, 14, 49, 6, 53, 9]": 1
          },
          "[:if, 15, 101, 4, 101, 31]": {
            "[:then, 16, 101, 4, 101, 14]": 1,
            "[:else, 17, 101, 4, 101, 31]": 8
          },
          "[:if, 18, 123, 18, 123, 125]": {
            "[:then, 19, 123, 37, 123, 95]": 7,
            "[:else, 20, 123, 98, 123, 125]": 8
          },
          "[:if, 21, 153, 15, 153, 38]": {
            "[:then, 22, 153, 29, 153, 32]": 22,
            "[:else, 23, 153, 35, 153, 38]": 66
          },
          "[:if, 24, 176, 15, 176, 38]": {
            "[:then, 25, 176, 29, 176, 32]": 11,
            "[:else, 26, 176, 35, 176, 38]": 33
          },
          "[:if, 27, 183, 4, 183, 75]": {
            "[:then, 28, 183, 31, 183, 49]": 103,
            "[:else, 29, 183, 52, 183, 75]": 1
          }
        }
      },
      "/home/jader/proyectos/fitloop/app/controllers/cart_controller.rb": {
        "lines": [
          null,
          null,
          null,
          1,
          1,
          null,
          1,
          1,
          null,
          1,
          null,
          1,
          3,
          3,
          null,
          2,
          null,
          null,
          1,
          18,
          18,
          5,
          5,
          5,
          null,
          null,
          13,
          13,
          null,
          null,
          1,
          2,
          null,
          1,
          null,
          null,
          1,
          3,
          null,
          2,
          1,
          1,
          null,
          1,
          1,
          null,
          null,
          1,
          1,
          1,
          null,
          null,
          1,
          3,
          3,
          3,
          null,
          null,
          1,
          8,
          null,
          7,
          7,
          4,
          null,
          3,
          null,
          null,
          null,
          1,
          null,
          1,
          7,
          null,
          2,
          null,
          3,
          null,
          2,
          2,
          null,
          null,
          null,
          1,
          14,
          14,
          null,
          null,
          null,
          null,
          null,
          null,
          null,
          14,
          null,
          null,
          1,
          3,
          3,
          null,
          null,
          null,
          null,
          null,
          null,
          null,
          2,
          null,
          null,
          1,
          5,
          null,
          null,
          null,
          null,
          null,
          null,
          null,
          1,
          6,
          null,
          1,
          1,
          null,
          null,
          1,
          18,
          null,
          null,
          null,
          null,
          null,
          null,
          1,
          23,
          null,
          null,
          1,
          8,
          8,
          null,
          7,
          2,
          null,
          5,
          null,
          null,
          null,
          1,
          24,
          16,
          8,
          1,
          null,
          null,
          null
        ],
        "branches": {
          "[:if, 0, 14, 4, 14, 67]": {
            "[:then, 1, 14, 4, 14, 54]": 1,
            "[:else, 2, 14, 4, 14, 67]": 2
          },
          "[:if, 3, 21, 4, 25, 7]": {
            "[:then, 4, 22, 6, 24, 12]": 5,
            "[:else, 5, 21, 4, 25, 7]": 13
          },
          "[:if, 6, 32, 4, 32, 76]": {
            "[:then, 7, 32, 4, 32, 54]": 1,
            "[:else, 8, 32, 4, 32, 76]": 1
          },
          "[:if, 9, 38, 4, 38, 76]": {
            "[:then, 10, 38, 4, 38, 54]": 1,
            "[:else, 11, 38, 4, 38, 76]": 2
          },
          "[:\"&.\", 12, 54, 4, 54, 26]": {
            "[:then, 13, 54, 4, 54, 26]": 1,
            "[:else, 14, 54, 4, 54, 26]": 2
          },
          "[:if, 15, 60, 4, 60, 66]": {
            "[:then, 16, 60, 4, 60, 49]": 1,
            "[:else, 17, 60, 4, 60, 66]": 7
          },
          "[:if, 18, 63, 4, 67, 7]": {
            "[:then, 19, 64, 6, 64, 60]": 4,
            "[:else, 20, 66, 6, 66, 45]": 3
          },
          "[:case, 21, 73, 4, 81, 7]": {
            "[:when, 22, 75, 6, 75, 41]": 2,
            "[:when, 23, 77, 6, 77, 47]": 3,
            "[:else, 24, 79, 6, 80, 54]": 2
          },
          "[:\"&.\", 25, 77, 21, 77, 45]": {
            "[:then, 26, 77, 21, 77, 45]": 1,
            "[:else, 27, 77, 21, 77, 45]": 2
          },
          "[:unless, 28, 94, 4, 94, 64]": {
            "[:else, 29, 94, 4, 94, 64]": 9,
            "[:then, 30, 94, 4, 94, 44]": 5
          },
          "[:unless, 31, 107, 4, 107, 64]": {
            "[:else, 32, 107, 4, 107, 64]": 1,
            "[:then, 33, 107, 4, 107, 44]": 1
          },
          "[:unless, 34, 140, 4, 140, 44]": {
            "[:else, 35, 140, 4, 140, 44]": 7,
            "[:then, 36, 140, 4, 140, 15]": 1
          },
          "[:if, 37, 142, 4, 146, 7]": {
            "[:then, 38, 143, 6, 143, 60]": 2,
            "[:else, 39, 145, 6, 145, 66]": 5
          },
          "[:if, 40, 150, 4, 154, 7]": {
            "[:then, 41, 151, 6, 151, 44]": 16,
            "[:else, 42, 152, 4, 154, 7]": 8
          },
          "[:if, 43, 152, 4, 154, 7]": {
            "[:then, 44, 153, 6, 153, 59]": 1,
            "[:else, 45, 152, 4, 154, 7]": 7
          }
        }
      },
      "/home/jader/proyectos/fitloop/app/controllers/application_controller.rb": {
        "lines": [
          1,
          1,
          1,
          1,
          1,
          null,
          1,
          null,
          1,
          null,
          null,
          1,
          null,
          1,
          null,
          1,
          293,
          292,
          292,
          292,
          292,
          null,
          null,
          293,
          null,
          null,
          1,
          null,
          1,
          1652,
          null,
          null,
          1,
          151,
          null,
          null
        ],
        "branches": {
          "[:if, 0, 17, 4, 22, 7]": {
            "[:then, 1, 18, 6, 21, 35]": 292,
            "[:else, 2, 17, 4, 22, 7]": 1
          },
          "[:if, 3, 34, 4, 34, 50]": {
            "[:then, 4, 34, 25, 34, 34]": 30,
            "[:else, 5, 34, 37, 34, 50]": 121
          }
        }
      },
      "/home/jader/proyectos/fitloop/app/controllers/concerns/locale_switchable.rb": {
        "lines": [
          null,
          null,
          null,
          1,
          1,
          null,
          1,
          null,
          1,
          1,
          null,
          null,
          1,
          10,
          10,
          null,
          null,
          1,
          null,
          1,
          1651,
          null,
          null,
          1,
          1654,
          1654,
          null,
          40,
          40,
          null,
          null
        ],
        "branches": {
          "[:if, 0, 26, 4, 26, 50]": {
            "[:then, 1, 26, 4, 26, 30]": 1614,
            "[:else, 2, 26, 4, 26, 50]": 40
          },
          "[:if, 3, 29, 4, 29, 68]": {
            "[:then, 4, 29, 43, 29, 46]": 38,
            "[:else, 5, 29, 49, 29, 68]": 2
          }
        }
      },
      "/home/jader/proyectos/fitloop/app/controllers/concerns/resolves_workspace_tab.rb": {
        "lines": [
          null,
          null,
          null,
          1,
          1,
          null,
          1,
          1,
          null,
          1,
          null,
          1,
          2604,
          null,
          null,
          null,
          null
        ],
        "branches": {}
      },
      "/home/jader/proyectos/fitloop/app/controllers/concerns/stores_workspace_return_to.rb": {
        "lines": [
          null,
          null,
          null,
          1,
          1,
          null,
          1,
          1,
          null,
          null,
          1,
          293,
          null,
          null,
          1,
          null,
          1,
          300,
          null,
          null,
          1,
          296,
          296,
          null,
          66,
          66,
          66,
          null,
          null,
          1,
          null,
          1,
          1653,
          340,
          23,
          17,
          null,
          16,
          null,
          null,
          1,
          19,
          null,
          10,
          null,
          7,
          null,
          2,
          null,
          null,
          null,
          1,
          8,
          null,
          7,
          7,
          null,
          6,
          null,
          null
        ],
        "branches": {
          "[:unless, 0, 23, 4, 23, 29]": {
            "[:else, 1, 23, 4, 23, 29]": 66,
            "[:then, 2, 23, 4, 23, 14]": 230
          },
          "[:if, 3, 26, 4, 26, 110]": {
            "[:then, 4, 26, 4, 26, 50]": 1,
            "[:else, 5, 26, 4, 26, 110]": 65
          },
          "[:unless, 6, 33, 4, 33, 42]": {
            "[:else, 7, 33, 4, 33, 42]": 340,
            "[:then, 8, 33, 4, 33, 16]": 1313
          },
          "[:unless, 9, 34, 4, 34, 36]": {
            "[:else, 10, 34, 4, 34, 36]": 23,
            "[:then, 11, 34, 4, 34, 16]": 317
          },
          "[:unless, 12, 35, 4, 35, 71]": {
            "[:else, 13, 35, 4, 35, 71]": 17,
            "[:then, 14, 35, 4, 35, 16]": 6
          },
          "[:unless, 15, 36, 4, 36, 57]": {
            "[:else, 16, 36, 4, 36, 57]": 16,
            "[:then, 17, 36, 4, 36, 16]": 1
          },
          "[:case, 18, 42, 4, 49, 7]": {
            "[:when, 19, 44, 6, 44, 26]": 10,
            "[:when, 20, 46, 6, 46, 35]": 7,
            "[:else, 21, 48, 6, 48, 11]": 2
          },
          "[:if, 22, 53, 4, 53, 52]": {
            "[:then, 23, 53, 4, 53, 10]": 1,
            "[:else, 24, 53, 4, 53, 52]": 7
          },
          "[:if, 25, 56, 4, 56, 28]": {
            "[:then, 26, 56, 4, 56, 10]": 1,
            "[:else, 27, 56, 4, 56, 28]": 6
          }
        }
      },
      "/home/jader/proyectos/fitloop/app/controllers/concerns/sets_workspace_project.rb": {
        "lines": [
          null,
          null,
          null,
          1,
          1,
          null,
          1,
          null,
          1,
          720,
          null,
          715,
          null,
          715,
          7,
          null,
          708,
          null,
          709,
          null,
          6,
          null,
          null,
          null,
          null,
          null,
          1,
          708,
          2,
          2,
          null,
          null,
          706,
          706,
          706,
          706,
          706,
          706,
          null,
          8,
          1,
          1,
          null,
          null,
          7,
          null,
          null,
          1,
          730,
          730,
          720,
          687,
          null,
          685,
          null,
          null,
          1,
          721,
          713,
          null,
          107,
          null,
          null,
          1,
          713,
          null,
          null,
          1,
          6,
          6,
          2,
          2,
          null,
          null,
          4,
          null,
          3,
          3,
          null,
          2,
          2,
          1,
          null,
          null,
          1,
          1,
          1,
          null,
          null,
          1,
          743,
          null,
          6,
          null,
          6,
          4,
          null,
          2,
          null,
          null,
          6,
          6,
          null,
          null,
          1,
          6,
          6,
          1,
          null,
          5,
          null,
          null,
          null,
          null,
          1,
          3,
          3,
          3,
          null,
          3,
          2,
          2,
          null,
          null,
          1,
          741,
          741,
          null,
          6,
          6,
          6,
          null,
          null
        ],
        "branches": {
          "[:if, 0, 10, 4, 10, 49]": {
            "[:then, 1, 10, 4, 10, 10]": 5,
            "[:else, 2, 10, 4, 10, 49]": 715
          },
          "[:if, 3, 14, 4, 18, 7]": {
            "[:then, 4, 15, 6, 15, 80]": 7,
            "[:else, 5, 17, 6, 17, 82]": 708
          },
          "[:if, 6, 19, 4, 19, 21]": {
            "[:then, 7, 19, 4, 19, 7]": 9,
            "[:else, 8, 19, 4, 19, 21]": 700
          },
          "[:if, 9, 28, 4, 31, 7]": {
            "[:then, 10, 29, 6, 30, 12]": 2,
            "[:else, 11, 28, 4, 31, 7]": 706
          },
          "[:if, 12, 35, 15, 35, 70]": {
            "[:then, 13, 35, 40, 35, 64]": 703,
            "[:else, 14, 35, 67, 35, 70]": 3
          },
          "[:if, 15, 36, 4, 36, 84]": {
            "[:then, 16, 36, 4, 36, 48]": 674,
            "[:else, 17, 36, 4, 36, 84]": 32
          },
          "[:if, 18, 38, 4, 38, 22]": {
            "[:then, 19, 38, 4, 38, 10]": 698,
            "[:else, 20, 38, 4, 38, 22]": 8
          },
          "[:if, 21, 40, 4, 43, 7]": {
            "[:then, 22, 41, 6, 42, 12]": 1,
            "[:else, 23, 40, 4, 43, 7]": 7
          },
          "[:unless, 24, 50, 4, 50, 57]": {
            "[:else, 25, 50, 4, 50, 57]": 720,
            "[:then, 26, 50, 4, 50, 16]": 10
          },
          "[:if, 27, 51, 4, 51, 78]": {
            "[:then, 28, 51, 4, 51, 16]": 33,
            "[:else, 29, 51, 4, 51, 78]": 687
          },
          "[:if, 30, 52, 4, 52, 70]": {
            "[:then, 31, 52, 4, 52, 16]": 2,
            "[:else, 32, 52, 4, 52, 70]": 685
          },
          "[:if, 33, 58, 4, 58, 71]": {
            "[:then, 34, 58, 4, 58, 39]": 8,
            "[:else, 35, 58, 4, 58, 71]": 713
          },
          "[:if, 36, 59, 4, 59, 42]": {
            "[:then, 37, 59, 4, 59, 14]": 606,
            "[:else, 38, 59, 4, 59, 42]": 107
          },
          "[:unless, 39, 70, 4, 73, 7]": {
            "[:else, 40, 70, 4, 73, 7]": 4,
            "[:then, 41, 71, 6, 72, 18]": 2
          },
          "[:unless, 42, 75, 4, 75, 69]": {
            "[:else, 43, 75, 4, 75, 69]": 3,
            "[:then, 44, 75, 4, 75, 16]": 1
          },
          "[:\"&.\", 45, 78, 20, 78, 60]": {
            "[:then, 46, 78, 20, 78, 60]": 2,
            "[:else, 47, 78, 20, 78, 60]": 1
          },
          "[:if, 48, 78, 4, 78, 74]": {
            "[:then, 49, 78, 4, 78, 16]": 1,
            "[:else, 50, 78, 4, 78, 74]": 2
          },
          "[:if, 51, 81, 4, 83, 7]": {
            "[:then, 52, 82, 6, 82, 18]": 1,
            "[:else, 53, 81, 4, 83, 7]": 1
          },
          "[:unless, 54, 91, 4, 91, 43]": {
            "[:else, 55, 91, 4, 91, 43]": 6,
            "[:then, 56, 91, 4, 91, 16]": 737
          },
          "[:if, 57, 95, 4, 99, 7]": {
            "[:then, 58, 96, 6, 96, 78]": 4,
            "[:else, 59, 98, 6, 98, 94]": 2
          },
          "[:if, 60, 107, 4, 112, 7]": {
            "[:then, 61, 108, 6, 108, 50]": 1,
            "[:else, 62, 110, 6, 111, 77]": 5
          },
          "[:unless, 63, 118, 4, 118, 34]": {
            "[:else, 64, 118, 4, 118, 34]": 2,
            "[:then, 65, 118, 4, 118, 10]": 1
          },
          "[:if, 66, 122, 4, 122, 89]": {
            "[:then, 67, 122, 4, 122, 42]": 1,
            "[:else, 68, 122, 4, 122, 89]": 1
          },
          "[:if, 69, 127, 4, 127, 30]": {
            "[:then, 70, 127, 4, 127, 16]": 735,
            "[:else, 71, 127, 4, 127, 30]": 6
          }
        }
      },
      "/home/jader/proyectos/fitloop/app/controllers/mis_pagos/downloads_controller.rb": {
        "lines": [
          null,
          null,
          1,
          null,
          1,
          1,
          null,
          1,
          1,
          null,
          1,
          12,
          null,
          10,
          null,
          null,
          null,
          null,
          null,
          null,
          null,
          null,
          null,
          null,
          null,
          null,
          10,
          null,
          null,
          null,
          null,
          null,
          null,
          1,
          null,
          1,
          null,
          null,
          1,
          null,
          1,
          14,
          null,
          1,
          null,
          null,
          1,
          13,
          13,
          null,
          null,
          null
        ],
        "branches": {
          "[:\"&.\", 0, 18, 20, 18, 50]": {
            "[:then, 1, 18, 20, 18, 50]": 3,
            "[:else, 2, 18, 20, 18, 50]": 7
          },
          "[:if, 3, 42, 6, 42, 50]": {
            "[:then, 4, 42, 6, 42, 12]": 13,
            "[:else, 5, 42, 6, 42, 50]": 1
          },
          "[:\"&.\", 6, 49, 30, 49, 45]": {
            "[:then, 7, 49, 30, 49, 45]": 12,
            "[:else, 8, 49, 30, 49, 45]": 1
          },
          "[:unless, 9, 49, 6, 49, 64]": {
            "[:else, 10, 49, 6, 49, 64]": 11,
            "[:then, 11, 49, 6, 49, 22]": 2
          }
        }
      },
      "/home/jader/proyectos/fitloop/app/controllers/concerns/requires_billing_confirmation.rb": {
        "lines": [
          null,
          null,
          null,
          1,
          1,
          null,
          1,
          5,
          5,
          null,
          null,
          1,
          null,
          1,
          185,
          184,
          null,
          4,
          null,
          null,
          1,
          185,
          null,
          null
        ],
        "branches": {
          "[:if, 0, 16, 4, 16, 41]": {
            "[:then, 1, 16, 4, 16, 10]": 180,
            "[:else, 2, 16, 4, 16, 41]": 4
          },
          "[:unless, 3, 22, 4, 22, 63]": {
            "[:else, 4, 22, 4, 22, 63]": 184,
            "[:then, 5, 22, 4, 22, 46]": 1
          }
        }
      },
      "/home/jader/proyectos/fitloop/app/models/project_layer.rb": {
        "lines": [
          null,
          null,
          null,
          null,
          1,
          1,
          null,
          1,
          null,
          null,
          null,
          null,
          1,
          1,
          535,
          null,
          1,
          1,
          null,
          null,
          1,
          null,
          1,
          65,
          null,
          62,
          null,
          null,
          null,
          62,
          null,
          62,
          null,
          2,
          null,
          null
        ],
        "branches": {
          "[:if, 0, 24, 4, 24, 49]": {
            "[:then, 1, 24, 4, 24, 10]": 3,
            "[:else, 2, 24, 4, 24, 49]": 62
          },
          "[:if, 3, 30, 4, 30, 49]": {
            "[:then, 4, 30, 4, 30, 35]": 59,
            "[:else, 5, 30, 4, 30, 49]": 3
          },
          "[:unless, 6, 32, 4, 32, 31]": {
            "[:else, 7, 32, 4, 32, 31]": 2,
            "[:then, 8, 32, 4, 32, 10]": 60
          }
        }
      },
      "/home/jader/proyectos/fitloop/app/controllers/confirmations_controller.rb": {
        "lines": [
          null,
          null,
          null,
          1,
          1,
          null,
          1,
          2,
          null,
          null,
          1,
          null,
          1,
          3,
          null,
          null
        ],
        "branches": {
          "[:unless, 0, 14, 4, 14, 63]": {
            "[:else, 1, 14, 4, 14, 63]": 2,
            "[:then, 2, 14, 4, 14, 46]": 1
          }
        }
      },
      "/home/jader/proyectos/fitloop/app/services/billing/retain_nested_dxf.rb": {
        "lines": [
          null,
          null,
          1,
          null,
          1,
          1,
          null,
          1,
          51,
          null,
          null,
          1,
          51,
          51,
          51,
          null,
          null,
          1,
          51,
          51,
          50,
          null,
          null,
          1,
          null,
          1,
          51,
          51,
          null,
          49,
          null,
          null,
          1,
          46,
          46,
          null,
          45,
          null,
          null,
          null,
          null,
          null,
          null,
          null
        ],
        "branches": {
          "[:unless, 0, 20, 6, 20, 70]": {
            "[:else, 1, 20, 6, 20, 70]": 5,
            "[:then, 2, 20, 6, 20, 26]": 46
          },
          "[:if, 3, 28, 6, 28, 85]": {
            "[:then, 4, 28, 6, 28, 12]": 2,
            "[:else, 5, 28, 6, 28, 85]": 49
          },
          "[:unless, 6, 35, 6, 35, 71]": {
            "[:else, 7, 35, 6, 35, 71]": 45,
            "[:then, 8, 35, 6, 35, 47]": 1
          }
        }
      },
      "/home/jader/proyectos/fitloop/app/jobs/nesting_job.rb": {
        "lines": [
          null,
          null,
          null,
          1,
          1,
          null,
          1,
          23,
          23,
          null,
          21,
          21,
          1,
          null,
          null,
          null,
          null,
          1,
          null,
          null,
          20,
          20,
          20,
          null,
          null,
          20,
          null,
          5,
          5,
          null,
          20,
          20,
          null,
          null,
          null,
          1,
          null,
          1,
          17,
          null,
          17,
          null,
          null,
          null,
          null,
          null,
          null,
          null,
          null,
          null,
          null,
          null,
          null,
          null,
          null,
          1,
          null,
          17,
          null,
          null,
          null,
          null,
          null,
          null,
          null,
          1,
          19,
          19,
          null,
          18,
          18,
          null,
          null,
          1,
          38,
          38,
          null,
          30,
          null,
          2,
          2,
          null,
          null,
          1,
          18,
          18,
          null,
          null,
          1,
          20,
          32,
          null,
          null,
          1,
          18,
          18,
          null,
          4,
          null,
          null
        ],
        "branches": {
          "[:unless, 0, 9, 4, 9, 29]": {
            "[:else, 1, 9, 4, 9, 29]": 21,
            "[:then, 2, 9, 4, 9, 10]": 2
          },
          "[:unless, 3, 12, 4, 19, 7]": {
            "[:else, 4, 12, 4, 19, 7]": 20,
            "[:then, 5, 13, 6, 18, 12]": 1
          },
          "[:if, 6, 32, 6, 32, 100]": {
            "[:then, 7, 32, 6, 32, 47]": 17,
            "[:else, 8, 32, 6, 32, 100]": 3
          },
          "[:\"&.\", 9, 29, 71, 29, 90]": {
            "[:then, 10, 29, 71, 29, 90]": 3,
            "[:else, 11, 29, 71, 29, 90]": 2
          },
          "[:if, 12, 29, 6, 29, 106]": {
            "[:then, 13, 29, 6, 29, 67]": 1,
            "[:else, 14, 29, 6, 29, 106]": 4
          },
          "[:unless, 15, 68, 4, 68, 27]": {
            "[:else, 16, 68, 4, 68, 27]": 18,
            "[:then, 17, 68, 4, 68, 12]": 1
          },
          "[:unless, 18, 76, 4, 76, 32]": {
            "[:else, 19, 76, 4, 76, 32]": 30,
            "[:then, 20, 76, 4, 76, 14]": 8
          },
          "[:\"&.\", 21, 86, 4, 86, 29]": {
            "[:then, 22, 86, 4, 86, 29]": 13,
            "[:else, 23, 86, 4, 86, 29]": 5
          },
          "[:\"&.\", 24, 86, 4, 86, 35]": {
            "[:then, 25, 86, 4, 86, 35]": 13,
            "[:else, 26, 86, 4, 86, 35]": 5
          },
          "[:\"&.\", 27, 91, 4, 91, 29]": {
            "[:then, 28, 91, 4, 91, 29]": 15,
            "[:else, 29, 91, 4, 91, 29]": 5
          },
          "[:\"&.\", 30, 91, 4, 91, 34]": {
            "[:then, 31, 91, 4, 91, 34]": 15,
            "[:else, 32, 91, 4, 91, 34]": 5
          },
          "[:\"&.\", 33, 91, 41, 91, 58]": {
            "[:then, 34, 91, 41, 91, 58]": 11,
            "[:else, 35, 91, 41, 91, 58]": 1
          },
          "[:unless, 36, 96, 4, 96, 33]": {
            "[:else, 37, 96, 4, 96, 33]": 2,
            "[:then, 38, 96, 4, 96, 13]": 16
          }
        }
      },
      "/home/jader/proyectos/fitloop/app/jobs/application_job.rb": {
        "lines": [
          1,
          null,
          null,
          null,
          null,
          null,
          null
        ],
        "branches": {}
      },
      "/home/jader/proyectos/fitloop/app/models/billing/checkout_context.rb": {
        "lines": [
          null,
          null,
          1,
          null,
          1,
          1,
          null,
          1,
          150,
          null,
          149,
          149,
          149,
          null,
          149,
          null,
          null,
          null,
          null,
          null,
          null,
          null,
          1,
          160,
          160,
          158,
          158,
          158,
          null,
          null,
          1,
          null,
          3,
          null,
          null,
          null,
          null,
          null,
          null,
          1,
          null,
          1,
          160,
          null,
          1,
          null,
          1,
          null,
          157,
          null,
          1,
          null,
          null,
          null,
          1,
          158,
          null,
          157,
          1,
          null,
          null,
          null,
          1,
          109,
          null,
          null,
          null
        ],
        "branches": {
          "[:if, 0, 9, 6, 9, 82]": {
            "[:then, 1, 9, 6, 9, 53]": 1,
            "[:else, 2, 9, 6, 9, 82]": 149
          },
          "[:if, 3, 13, 19, 13, 66]": {
            "[:then, 4, 13, 34, 13, 37]": 136,
            "[:else, 5, 13, 40, 13, 66]": 13
          },
          "[:if, 6, 24, 18, 24, 80]": {
            "[:then, 7, 24, 45, 24, 53]": 1,
            "[:else, 8, 24, 56, 24, 80]": 159
          },
          "[:\"&.\", 9, 35, 22, 35, 41]": {
            "[:then, 10, 35, 22, 35, 41]": 1,
            "[:else, 11, 35, 22, 35, 41]": 2
          },
          "[:case, 12, 43, 6, 52, 9]": {
            "[:when, 13, 45, 8, 45, 79]": 1,
            "[:when, 14, 47, 8, 47, 37]": 1,
            "[:when, 15, 49, 8, 49, 43]": 157,
            "[:else, 16, 51, 8, 51, 58]": 1
          },
          "[:unless, 17, 56, 6, 56, 130]": {
            "[:else, 18, 56, 6, 56, 130]": 157,
            "[:then, 19, 56, 6, 56, 70]": 1
          },
          "[:if, 20, 58, 6, 60, 9]": {
            "[:then, 21, 59, 8, 59, 64]": 1,
            "[:else, 22, 58, 6, 60, 9]": 156
          }
        }
      },
      "/home/jader/proyectos/fitloop/app/models/billing/money.rb": {
        "lines": [
          null,
          null,
          1,
          null,
          1,
          1,
          null,
          1,
          2,
          null,
          null,
          1,
          567,
          null,
          566,
          566,
          566,
          null,
          564,
          null,
          null,
          1,
          2,
          null,
          1,
          null,
          null,
          1,
          713,
          713,
          713,
          null,
          null,
          1,
          148,
          null,
          147,
          null,
          null,
          1,
          1,
          null,
          null,
          1,
          1,
          null,
          null,
          1,
          null,
          1,
          2,
          null,
          null,
          null,
          null,
          1,
          1,
          1,
          2,
          null,
          null,
          null
        ],
        "branches": {
          "[:if, 0, 13, 6, 13, 59]": {
            "[:then, 1, 13, 6, 13, 44]": 1,
            "[:else, 2, 13, 6, 13, 59]": 566
          },
          "[:if, 3, 17, 6, 17, 77]": {
            "[:then, 4, 17, 6, 17, 56]": 2,
            "[:else, 5, 17, 6, 17, 77]": 564
          },
          "[:if, 6, 23, 6, 23, 55]": {
            "[:then, 7, 23, 6, 23, 42]": 1,
            "[:else, 8, 23, 6, 23, 55]": 1
          },
          "[:if, 9, 31, 6, 31, 77]": {
            "[:then, 10, 31, 6, 31, 56]": 1,
            "[:else, 11, 31, 6, 31, 77]": 712
          },
          "[:unless, 12, 35, 6, 35, 108]": {
            "[:else, 13, 35, 6, 35, 108]": 147,
            "[:then, 14, 35, 6, 35, 46]": 1
          }
        }
      },
      "/home/jader/proyectos/fitloop/app/models/billing/cents_amount.rb": {
        "lines": [
          null,
          null,
          1,
          null,
          1,
          1,
          null,
          1,
          48,
          null,
          47,
          null,
          null,
          1,
          47,
          47,
          47,
          null,
          null,
          1,
          40,
          null,
          null,
          1,
          4,
          null,
          null,
          1,
          2,
          null,
          null,
          1,
          null,
          1,
          2,
          null,
          null,
          null
        ],
        "branches": {
          "[:if, 0, 9, 6, 9, 57]": {
            "[:then, 1, 9, 6, 9, 43]": 1,
            "[:else, 2, 9, 6, 9, 57]": 47
          },
          "[:if, 3, 16, 18, 16, 80]": {
            "[:then, 4, 16, 45, 16, 53]": 36,
            "[:else, 5, 16, 56, 16, 80]": 11
          },
          "[:if, 6, 17, 6, 17, 75]": {
            "[:then, 7, 17, 6, 17, 55]": 1,
            "[:else, 8, 17, 6, 17, 75]": 46
          },
          "[:if, 9, 25, 6, 25, 67]": {
            "[:then, 10, 25, 22, 25, 46]": 2,
            "[:else, 11, 25, 49, 25, 67]": 2
          }
        }
      },
      "/home/jader/proyectos/fitloop/app/models/nesting/sheet_stock_row.rb": {
        "lines": [
          null,
          null,
          1,
          null,
          1,
          1,
          null,
          1,
          40,
          null,
          null,
          null,
          null,
          null,
          null,
          null,
          1,
          56,
          56,
          56,
          56,
          null,
          56,
          53,
          52,
          48,
          null,
          null,
          1,
          null,
          40,
          null,
          null,
          null,
          null,
          null,
          null,
          1,
          3,
          null,
          null,
          null,
          null,
          null,
          null,
          1,
          null,
          1,
          2,
          null,
          null,
          null
        ],
        "branches": {
          "[:if, 0, 20, 18, 20, 57]": {
            "[:then, 1, 20, 34, 20, 37]": 11,
            "[:else, 2, 20, 40, 20, 57]": 45
          },
          "[:unless, 3, 23, 6, 23, 81]": {
            "[:else, 4, 23, 6, 23, 81]": 53,
            "[:then, 5, 23, 6, 23, 54]": 3
          },
          "[:unless, 6, 24, 6, 24, 83]": {
            "[:else, 7, 24, 6, 24, 83]": 52,
            "[:then, 8, 24, 6, 24, 55]": 1
          },
          "[:if, 9, 25, 6, 25, 93]": {
            "[:then, 10, 25, 6, 25, 63]": 4,
            "[:else, 11, 25, 6, 25, 93]": 48
          },
          "[:if, 12, 26, 6, 26, 85]": {
            "[:then, 13, 26, 6, 26, 60]": 2,
            "[:else, 14, 26, 6, 26, 85]": 46
          }
        }
      },
      "/home/jader/proyectos/fitloop/app/services/admin/hacienda_summary_rows.rb": {
        "lines": [
          null,
          null,
          1,
          null,
          1,
          1,
          null,
          1,
          85,
          null,
          null,
          1,
          14,
          null,
          null,
          12,
          12,
          null,
          null,
          null,
          1,
          28,
          15,
          null,
          null,
          1,
          null,
          9,
          null,
          null,
          null,
          11,
          11,
          11,
          11,
          11,
          null,
          null,
          null,
          1,
          null,
          13,
          null,
          null,
          9,
          20,
          20,
          20,
          20,
          20,
          null,
          null,
          null,
          null
        ],
        "branches": {
          "[:if, 0, 9, 6, 9, 91]": {
            "[:then, 1, 9, 44, 9, 69]": 80,
            "[:else, 2, 9, 72, 9, 91]": 5
          },
          "[:if, 3, 23, 6, 23, 47]": {
            "[:then, 4, 23, 28, 23, 40]": 13,
            "[:else, 5, 23, 43, 23, 47]": 2
          }
        }
      },
      "/home/jader/proyectos/fitloop/app/services/nesting/localized_progress_message.rb": {
        "lines": [
          null,
          null,
          1,
          null,
          1,
          null,
          1,
          null,
          null,
          null,
          null,
          null,
          null,
          null,
          null,
          null,
          null,
          null,
          null,
          null,
          1,
          null,
          null,
          null,
          null,
          null,
          1,
          192,
          null,
          null,
          1,
          435,
          null,
          null,
          1,
          630,
          630,
          null,
          null,
          1,
          194,
          null,
          187,
          187,
          121,
          null,
          20,
          null,
          null,
          1,
          450,
          null,
          26,
          null,
          null,
          1,
          null,
          1,
          215,
          null,
          null,
          1,
          187,
          null,
          66,
          15,
          null,
          null,
          51,
          2,
          null,
          null,
          49,
          2,
          null,
          null,
          47,
          null,
          null,
          1,
          4,
          null,
          null,
          1,
          2,
          null,
          null,
          1,
          6,
          null,
          null,
          1,
          147,
          null,
          null,
          1,
          256,
          20,
          null,
          null,
          1,
          241,
          null,
          240,
          706,
          null,
          null,
          null,
          null
        ],
        "branches": {
          "[:if, 0, 41, 6, 41, 54]": {
            "[:then, 1, 41, 6, 41, 15]": 7,
            "[:else, 2, 41, 6, 41, 54]": 187
          },
          "[:if, 3, 44, 6, 44, 40]": {
            "[:then, 4, 44, 6, 44, 24]": 66,
            "[:else, 5, 44, 6, 44, 40]": 121
          },
          "[:if, 6, 45, 6, 45, 53]": {
            "[:then, 7, 45, 6, 45, 28]": 101,
            "[:else, 8, 45, 6, 45, 53]": 20
          },
          "[:unless, 9, 51, 6, 51, 43]": {
            "[:else, 10, 51, 6, 51, 43]": 26,
            "[:then, 11, 51, 6, 51, 18]": 424
          },
          "[:unless, 12, 63, 6, 63, 40]": {
            "[:else, 13, 63, 6, 63, 40]": 66,
            "[:then, 14, 63, 6, 63, 16]": 121
          },
          "[:if, 15, 65, 6, 67, 9]": {
            "[:then, 16, 66, 8, 66, 42]": 15,
            "[:else, 17, 65, 6, 67, 9]": 51
          },
          "[:if, 18, 69, 6, 71, 9]": {
            "[:then, 19, 70, 8, 70, 34]": 2,
            "[:else, 20, 69, 6, 71, 9]": 49
          },
          "[:if, 21, 73, 6, 75, 9]": {
            "[:then, 22, 74, 8, 74, 43]": 2,
            "[:else, 23, 73, 6, 75, 9]": 47
          },
          "[:if, 24, 98, 6, 98, 24]": {
            "[:then, 25, 98, 6, 98, 17]": 6,
            "[:else, 26, 98, 6, 98, 24]": 14
          },
          "[:if, 27, 102, 6, 102, 33]": {
            "[:then, 28, 102, 6, 102, 18]": 1,
            "[:else, 29, 102, 6, 102, 33]": 240
          }
        }
      },
      "/home/jader/proyectos/fitloop/app/services/nesting/progress_snapshot.rb": {
        "lines": [
          null,
          null,
          1,
          null,
          1,
          1,
          null,
          1,
          null,
          null,
          null,
          null,
          null,
          null,
          null,
          null,
          1,
          null,
          1,
          60,
          60,
          null,
          24,
          null,
          1,
          null,
          null,
          1,
          44,
          44,
          null,
          43,
          43,
          null,
          42,
          42,
          40,
          null,
          37,
          37,
          null,
          null,
          null,
          null,
          null,
          null,
          null,
          null,
          1,
          37,
          37,
          37,
          37,
          37,
          null,
          null,
          1,
          2,
          null,
          null,
          1,
          74,
          null,
          43,
          null,
          2,
          null,
          1,
          null,
          null
        ],
        "branches": {
          "[:unless, 0, 21, 6, 21, 34]": {
            "[:else, 1, 21, 6, 21, 34]": 24,
            "[:then, 2, 21, 6, 21, 16]": 36
          },
          "[:unless, 3, 30, 6, 30, 57]": {
            "[:else, 4, 30, 6, 30, 57]": 43,
            "[:then, 5, 30, 6, 30, 16]": 1
          },
          "[:unless, 6, 33, 6, 33, 54]": {
            "[:else, 7, 33, 6, 33, 54]": 42,
            "[:then, 8, 33, 6, 33, 16]": 1
          },
          "[:if, 9, 36, 6, 36, 54]": {
            "[:then, 10, 36, 6, 36, 16]": 2,
            "[:else, 11, 36, 6, 36, 54]": 40
          },
          "[:if, 12, 37, 6, 37, 42]": {
            "[:then, 13, 37, 6, 37, 16]": 3,
            "[:else, 14, 37, 6, 37, 42]": 37
          },
          "[:if, 15, 62, 6, 62, 30]": {
            "[:then, 16, 62, 6, 62, 16]": 31,
            "[:else, 17, 62, 6, 62, 30]": 43
          }
        }
      },
      "/home/jader/proyectos/fitloop/app/services/persist_workspace_sheet_inventory_draft.rb": {
        "lines": [
          null,
          null,
          null,
          1,
          1,
          null,
          1,
          19,
          null,
          null,
          1,
          21,
          21,
          21,
          null,
          null,
          1,
          19,
          19,
          17,
          null,
          14,
          14,
          13,
          null,
          8,
          null,
          null,
          null,
          8,
          8,
          8,
          8,
          8,
          null,
          null,
          1,
          null,
          1,
          14,
          null,
          null,
          14,
          null,
          13,
          13,
          null,
          null,
          1,
          14,
          16,
          null,
          2,
          2,
          null,
          null,
          null,
          1,
          13,
          null,
          5,
          null,
          null,
          1,
          6,
          8,
          null,
          2,
          2,
          null,
          null,
          null,
          1,
          6,
          6,
          null,
          3,
          null,
          null
        ],
        "branches": {
          "[:unless, 0, 19, 4, 19, 31]": {
            "[:else, 1, 19, 4, 19, 31]": 17,
            "[:then, 2, 19, 4, 19, 16]": 2
          },
          "[:unless, 3, 20, 4, 20, 50]": {
            "[:else, 4, 20, 4, 20, 50]": 14,
            "[:then, 5, 20, 4, 20, 16]": 3
          },
          "[:if, 6, 23, 4, 23, 50]": {
            "[:then, 7, 23, 4, 23, 16]": 1,
            "[:else, 8, 23, 4, 23, 50]": 13
          },
          "[:if, 9, 24, 4, 24, 83]": {
            "[:then, 10, 24, 4, 24, 16]": 5,
            "[:else, 11, 24, 4, 24, 83]": 8
          },
          "[:if, 12, 33, 4, 33, 34]": {
            "[:then, 13, 33, 4, 33, 25]": 6,
            "[:else, 14, 33, 4, 33, 34]": 2
          },
          "[:if, 15, 43, 4, 43, 28]": {
            "[:then, 16, 43, 4, 43, 14]": 1,
            "[:else, 17, 43, 4, 43, 28]": 13
          },
          "[:unless, 18, 51, 6, 51, 35]": {
            "[:else, 19, 51, 6, 51, 35]": 2,
            "[:then, 20, 51, 6, 51, 10]": 14
          },
          "[:if, 21, 54, 25, 54, 64]": {
            "[:then, 22, 54, 45, 54, 58]": 1,
            "[:else, 23, 54, 61, 54, 64]": 1
          },
          "[:unless, 24, 59, 4, 59, 52]": {
            "[:else, 25, 59, 4, 59, 52]": 5,
            "[:then, 26, 59, 4, 59, 16]": 8
          },
          "[:unless, 27, 66, 6, 66, 35]": {
            "[:else, 28, 66, 6, 66, 35]": 2,
            "[:then, 29, 66, 6, 66, 10]": 6
          },
          "[:\"&.\", 30, 69, 6, 69, 23]": {
            "[:then, 31, 69, 6, 69, 23]": 1,
            "[:else, 32, 69, 6, 69, 23]": 1
          },
          "[:if, 33, 75, 4, 75, 41]": {
            "[:then, 34, 75, 4, 75, 10]": 3,
            "[:else, 35, 75, 4, 75, 41]": 3
          }
        }
      },
      "/home/jader/proyectos/fitloop/app/services/billing/payment_status_response.rb": {
        "lines": [
          null,
          null,
          1,
          null,
          1,
          1,
          1,
          null,
          1,
          18,
          null,
          null,
          1,
          19,
          19,
          null,
          null,
          1,
          null,
          18,
          null,
          null,
          null,
          null,
          null,
          null,
          null,
          null,
          null,
          null,
          null,
          1,
          null,
          1,
          19,
          8,
          null,
          7,
          3,
          3,
          null,
          2,
          null,
          null,
          4,
          null,
          null,
          1,
          4,
          null,
          null,
          1,
          18,
          10,
          3,
          null,
          1,
          null,
          null,
          7,
          null,
          1,
          null,
          null,
          1,
          10,
          null,
          null,
          1,
          3,
          null,
          null,
          1,
          18,
          null,
          1,
          null,
          null,
          1,
          18,
          null,
          null,
          1,
          18,
          null,
          3,
          null,
          null,
          1,
          18,
          5,
          4,
          null,
          2,
          null,
          null,
          null
        ],
        "branches": {
          "[:unless, 0, 35, 6, 35, 43]": {
            "[:else, 1, 35, 6, 35, 43]": 8,
            "[:then, 2, 35, 6, 35, 16]": 11
          },
          "[:unless, 3, 36, 6, 36, 67]": {
            "[:else, 4, 36, 6, 36, 67]": 7,
            "[:then, 5, 36, 6, 36, 16]": 1
          },
          "[:if, 6, 38, 6, 43, 9]": {
            "[:then, 7, 39, 8, 42, 18]": 3,
            "[:else, 8, 38, 6, 43, 9]": 4
          },
          "[:if, 9, 40, 8, 40, 70]": {
            "[:then, 10, 40, 8, 40, 61]": 1,
            "[:else, 11, 40, 8, 40, 70]": 2
          },
          "[:if, 12, 45, 6, 45, 58]": {
            "[:then, 13, 45, 6, 45, 27]": 3,
            "[:else, 14, 45, 6, 45, 58]": 1
          },
          "[:if, 15, 53, 6, 53, 59]": {
            "[:then, 16, 53, 6, 53, 16]": 8,
            "[:else, 17, 53, 6, 53, 59]": 10
          },
          "[:if, 18, 54, 6, 58, 9]": {
            "[:then, 19, 55, 8, 57, 61]": 3,
            "[:else, 20, 54, 6, 58, 9]": 7
          },
          "[:if, 21, 55, 8, 55, 92]": {
            "[:then, 22, 55, 8, 55, 63]": 2,
            "[:else, 23, 55, 8, 55, 92]": 1
          },
          "[:unless, 24, 60, 6, 60, 89]": {
            "[:else, 25, 60, 6, 60, 89]": 1,
            "[:then, 26, 60, 6, 60, 16]": 6
          },
          "[:unless, 27, 74, 6, 74, 40]": {
            "[:else, 28, 74, 6, 74, 40]": 1,
            "[:then, 29, 74, 6, 74, 16]": 17
          },
          "[:unless, 30, 84, 6, 84, 98]": {
            "[:else, 31, 84, 6, 84, 98]": 3,
            "[:then, 32, 84, 6, 84, 16]": 15
          },
          "[:unless, 33, 90, 6, 90, 43]": {
            "[:else, 34, 90, 6, 90, 43]": 5,
            "[:then, 35, 90, 6, 90, 16]": 13
          },
          "[:unless, 36, 91, 6, 91, 85]": {
            "[:else, 37, 91, 6, 91, 85]": 4,
            "[:then, 38, 91, 6, 91, 16]": 1
          },
          "[:unless, 39, 92, 6, 92, 76]": {
            "[:else, 40, 92, 6, 92, 76]": 2,
            "[:then, 41, 92, 6, 92, 16]": 2
          }
        }
      },
      "/home/jader/proyectos/fitloop/app/services/billing/cart_merge_on_login.rb": {
        "lines": [
          null,
          null,
          1,
          1,
          null,
          null,
          null,
          null,
          null,
          null,
          null,
          null,
          1,
          299,
          null,
          298,
          298,
          null,
          8,
          8,
          null,
          8,
          7,
          null,
          6,
          3,
          null,
          3,
          null,
          null,
          null,
          null
        ],
        "branches": {
          "[:if, 0, 14, 6, 14, 62]": {
            "[:then, 1, 14, 6, 14, 49]": 1,
            "[:else, 2, 14, 6, 14, 62]": 298
          },
          "[:if, 3, 16, 14, 16, 64]": {
            "[:then, 4, 16, 42, 16, 59]": 9,
            "[:else, 5, 16, 62, 16, 64]": 289
          },
          "[:if, 6, 17, 6, 17, 28]": {
            "[:then, 7, 17, 6, 17, 12]": 290,
            "[:else, 8, 17, 6, 17, 28]": 8
          },
          "[:if, 9, 22, 6, 22, 31]": {
            "[:then, 10, 22, 6, 22, 12]": 1,
            "[:else, 11, 22, 6, 22, 31]": 7
          },
          "[:if, 12, 23, 6, 23, 61]": {
            "[:then, 13, 23, 6, 23, 12]": 1,
            "[:else, 14, 23, 6, 23, 61]": 6
          },
          "[:if, 15, 25, 6, 29, 9]": {
            "[:then, 16, 26, 8, 26, 27]": 3,
            "[:else, 17, 28, 8, 28, 62]": 3
          }
        }
      },
      "/home/jader/proyectos/fitloop/app/services/billing/cart_upsert.rb": {
        "lines": [
          null,
          null,
          1,
          null,
          1,
          1,
          19,
          null,
          null,
          null,
          null,
          null,
          null,
          null,
          null,
          null,
          1,
          19,
          19,
          19,
          19,
          19,
          19,
          null,
          null,
          1,
          19,
          18,
          18,
          18,
          null,
          null,
          1,
          null,
          1,
          19,
          19,
          null,
          null,
          1,
          18,
          12,
          null,
          6,
          null,
          null,
          null,
          1,
          18,
          null,
          18,
          null,
          null,
          null,
          null,
          null,
          null,
          18,
          8,
          null,
          10,
          null,
          null,
          null,
          1,
          18,
          8,
          8,
          8,
          null,
          10,
          10,
          null,
          null,
          null,
          18,
          null,
          null,
          null,
          null,
          1,
          36,
          null,
          null,
          null
        ],
        "branches": {
          "[:if, 0, 22, 21, 22, 75]": {
            "[:then, 1, 22, 40, 22, 43]": 10,
            "[:else, 2, 22, 46, 22, 75]": 9
          },
          "[:\"&.\", 3, 29, 6, 29, 24]": {
            "[:then, 4, 29, 6, 29, 24]": 4,
            "[:else, 5, 29, 6, 29, 24]": 14
          },
          "[:if, 6, 37, 6, 37, 94]": {
            "[:then, 7, 37, 6, 37, 57]": 1,
            "[:else, 8, 37, 6, 37, 94]": 18
          },
          "[:if, 9, 41, 6, 45, 9]": {
            "[:then, 10, 42, 8, 42, 39]": 12,
            "[:else, 11, 44, 8, 44, 47]": 6
          },
          "[:if, 12, 58, 6, 62, 9]": {
            "[:then, 13, 59, 8, 59, 111]": 8,
            "[:else, 14, 61, 8, 61, 112]": 10
          },
          "[:\"&.\", 15, 59, 60, 59, 69]": {
            "[:then, 16, 59, 60, 59, 69]": 5,
            "[:else, 17, 59, 60, 59, 69]": 3
          },
          "[:if, 18, 59, 84, 59, 110]": {
            "[:then, 19, 59, 92, 59, 95]": 5,
            "[:else, 20, 59, 98, 59, 110]": 3
          },
          "[:\"&.\", 21, 61, 61, 61, 70]": {
            "[:then, 22, 61, 61, 61, 70]": 7,
            "[:else, 23, 61, 61, 61, 70]": 3
          },
          "[:if, 24, 61, 85, 61, 111]": {
            "[:then, 25, 61, 93, 61, 96]": 7,
            "[:else, 26, 61, 99, 61, 111]": 3
          },
          "[:if, 27, 66, 6, 73, 9]": {
            "[:then, 28, 67, 8, 69, 53]": 8,
            "[:else, 29, 71, 8, 72, 105]": 10
          },
          "[:if, 30, 68, 15, 68, 55]": {
            "[:then, 31, 68, 32, 68, 40]": 5,
            "[:else, 32, 68, 43, 68, 55]": 3
          },
          "[:if, 33, 69, 16, 69, 53]": {
            "[:then, 34, 69, 33, 69, 41]": 5,
            "[:else, 35, 69, 44, 69, 53]": 3
          },
          "[:if, 36, 71, 15, 71, 107]": {
            "[:then, 37, 71, 32, 71, 68]": 2,
            "[:else, 38, 71, 71, 71, 107]": 8
          },
          "[:if, 39, 72, 16, 72, 105]": {
            "[:then, 40, 72, 33, 72, 69]": 2,
            "[:else, 41, 72, 72, 72, 105]": 8
          },
          "[:if, 42, 82, 6, 82, 61]": {
            "[:then, 43, 82, 22, 82, 47]": 14,
            "[:else, 44, 82, 50, 82, 61]": 22
          }
        }
      },
      "/home/jader/proyectos/fitloop/app/services/nesting/fail_run.rb": {
        "lines": [
          null,
          null,
          1,
          null,
          1,
          1,
          15,
          null,
          null,
          1,
          15,
          15,
          15,
          15,
          null,
          null,
          1,
          15,
          8,
          null,
          7,
          null,
          7,
          null,
          null,
          null,
          null,
          7,
          null,
          null,
          null,
          null,
          7,
          7,
          null,
          null,
          1,
          null,
          1,
          4,
          null,
          3,
          null,
          null,
          1,
          7,
          7,
          7,
          null,
          7,
          null,
          null,
          null
        ],
        "branches": {
          "[:unless, 0, 18, 6, 18, 61]": {
            "[:else, 1, 18, 6, 18, 61]": 8,
            "[:then, 2, 18, 6, 18, 18]": 7
          },
          "[:unless, 3, 19, 6, 19, 34]": {
            "[:else, 4, 19, 6, 19, 34]": 7,
            "[:then, 5, 19, 6, 19, 18]": 1
          },
          "[:if, 6, 40, 6, 40, 90]": {
            "[:then, 7, 40, 6, 40, 41]": 1,
[...]
          null,
          7,
          null,
          null,
          null,
          null,
          null,
          null
        ],
        "branches": {
          "[:unless, 0, 19, 6, 19, 56]": {
            "[:else, 1, 19, 6, 19, 56]": 8,
            "[:then, 2, 19, 6, 19, 19]": 1
          },
          "[:unless, 3, 21, 6, 21, 51]": {
            "[:else, 4, 21, 6, 21, 51]": 7,
            "[:then, 5, 21, 6, 21, 23]": 1
          }
        }
      },
      "/home/jader/proyectos/fitloop/app/services/billing/onvo/test_sinpe_mobile_numbers.rb": {
        "lines": [
          null,
          null,
          1,
          1,
          null,
          1,
          1,
          null,
          null,
          null,
          null,
          null,
          null,
          1,
          null,
          1,
          8,
          null,
          null,
          1,
          9,
          9,
          null,
          8,
          null,
          null,
          null,
          null
        ],
        "branches": {
          "[:if, 0, 22, 8, 22, 49]": {
            "[:then, 1, 22, 8, 22, 28]": 1,
            "[:else, 2, 22, 8, 22, 49]": 8
          }
        }
      },
      "/home/jader/proyectos/fitloop/app/services/billing/entitlement.rb": {
        "lines": [
          null,
          null,
          1,
          null,
          1,
          1,
          11,
          null,
          null,
          1,
          23,
          23,
          23,
          null,
          null,
          1,
          13,
          null,
          12,
          null,
          null,
          1,
          20,
          null,
          null,
          null,
          null,
          null,
          1,
          20,
          20,
          15,
          null,
          14,
          null,
          null,
          null
        ],
        "branches": {
          "[:unless, 0, 17, 6, 17, 77]": {
            "[:else, 1, 17, 6, 17, 77]": 12,
            "[:then, 2, 17, 6, 17, 18]": 1
          },
          "[:unless, 3, 31, 6, 31, 38]": {
            "[:else, 4, 31, 6, 31, 38]": 15,
            "[:then, 5, 31, 6, 31, 18]": 5
          },
          "[:unless, 6, 32, 6, 32, 46]": {
            "[:else, 7, 32, 6, 32, 46]": 14,
            "[:then, 8, 32, 6, 32, 18]": 1
          }
        }
      },
      "/home/jader/proyectos/fitloop/app/services/billing/onvo/reconcile_payment_intent.rb": {
        "lines": [
          null,
          null,
          1,
          1,
          null,
          1,
          1,
          5,
          null,
          null,
          1,
          5,
          5,
          null,
          null,
          1,
          5,
          4,
          null,
          3,
          3,
          3,
          3,
          null,
          null,
          1,
          null,
          1,
          3,
          null,
          null,
          null,
          null
        ],
        "branches": {
          "[:if, 0, 17, 8, 17, 64]": {
            "[:then, 1, 17, 8, 17, 47]": 1,
            "[:else, 2, 17, 8, 17, 64]": 4
          },
          "[:if, 3, 18, 8, 18, 93]": {
            "[:then, 4, 18, 8, 18, 51]": 1,
            "[:else, 5, 18, 8, 18, 93]": 3
          }
        }
      },
      "/home/jader/proyectos/fitloop/app/controllers/admin/dashboard_controller.rb": {
        "lines": [
          null,
          null,
          1,
          1,
          1,
          null,
          null,
          null,
          null
        ],
        "branches": {}
      },
      "/home/jader/proyectos/fitloop/app/controllers/admin/base_controller.rb": {
        "lines": [
          null,
          null,
          null,
          null,
          null,
          1,
          1,
          1,
          1,
          null,
          1,
          null,
          1,
          54,
          null,
          null,
          1,
          54,
          null,
          null,
          null
        ],
        "branches": {
          "[:unless, 0, 14, 6, 14, 74]": {
            "[:else, 1, 14, 6, 14, 74]": 40,
            "[:then, 2, 14, 6, 14, 55]": 14
          }
        }
      },
      "/home/jader/proyectos/fitloop/app/services/dxf/piece_rings_lister.rb": {
        "lines": [
          null,
          null,
          1,
          1,
          null,
          1,
          null,
          1,
          1,
          null,
          1,
          null,
          1,
          6,
          null,
          5,
          null,
          null,
          null,
          null,
          null,
          null,
          5,
          null,
          4,
          null,
          null,
          null
        ],
        "branches": {
          "[:if, 0, 14, 6, 14, 53]": {
            "[:then, 1, 14, 6, 14, 15]": 1,
            "[:else, 2, 14, 6, 14, 53]": 5
          },
          "[:unless, 3, 23, 6, 23, 86]": {
            "[:else, 4, 23, 6, 23, 86]": 4,
            "[:then, 5, 23, 6, 23, 63]": 1
          }
        }
      },
      "/home/jader/proyectos/fitloop/app/controllers/project_orphan_dxf_downloads_controller.rb": {
        "lines": [
          null,
          null,
          null,
          1,
          1,
          null,
          1,
          null,
          1,
          3,
          3,
          null,
          2,
          1,
          1,
          null,
          null,
          null,
          null,
          null,
          null,
          1,
          null,
          3,
          null,
          null,
          1,
          null,
          1,
          3,
          null,
          null,
          1,
          1,
          null,
          null
        ],
        "branches": {
          "[:if, 0, 24, 4, 24, 96]": {
            "[:then, 1, 24, 4, 24, 28]": 1,
            "[:else, 2, 24, 4, 24, 96]": 2
          },
          "[:if, 3, 11, 4, 11, 65]": {
            "[:then, 4, 11, 4, 11, 27]": 1,
            "[:else, 5, 11, 4, 11, 65]": 2
          }
        }
      },
      "/home/jader/proyectos/fitloop/app/services/dxf/orphan_piece_exporter.rb": {
        "lines": [
          null,
          null,
          1,
          1,
          1,
          null,
          1,
          null,
          1,
          1,
          null,
          1,
          null,
          1,
          2,
          null,
          null,
          1,
          2,
          2,
          null,
          null,
          1,
          2,
          2,
          null,
          null,
          2,
          null,
          null,
          null,
          2,
          null,
          null,
          null,
          null,
          null,
          2,
          null,
          1,
          null,
          null,
          null
        ],
        "branches": {
          "[:unless, 0, 38, 6, 38, 87]": {
            "[:else, 1, 38, 6, 38, 87]": 1,
            "[:then, 2, 38, 6, 38, 64]": 1
          }
        }
      },
      "/home/jader/proyectos/fitloop/app/services/billing/onvo/verify_webhook.rb": {
        "lines": [
          null,
          null,
          1,
          1,
          null,
          1,
          1,
          10,
          null,
          null,
          1,
          10,
          10,
          null,
          null,
          1,
          10,
          10,
          10,
          null,
          8,
          null,
          null,
          1,
          null,
          1,
          10,
          null,
          null,
          1,
          8,
          null,
          null,
          null,
          null,
          null,
          null,
          null
        ],
        "branches": {
          "[:if, 0, 19, 8, 19, 58]": {
            "[:then, 1, 19, 8, 19, 20]": 2,
            "[:else, 2, 19, 8, 19, 58]": 8
          }
        }
      },
      "/home/jader/proyectos/fitloop/app/controllers/admin/analytics_controller.rb": {
        "lines": [
          null,
          null,
          1,
          null,
          1,
          1,
          1,
          null,
          1,
          null,
          null,
          8,
          null,
          null,
          56,
          null,
          null,
          8,
          8,
          8,
          8,
          null,
          null,
          8,
          8,
          8,
          null,
          8,
          8,
          null,
          null,
          8,
          8,
          8,
          8,
          null,
          null,
          8,
          null,
          null,
          null,
          null,
          8,
          8,
          null,
          null,
          8,
          8,
          8,
          null,
          null,
          1,
          1,
          1,
          null,
          1,
          1,
          null,
          null,
          null,
          null,
          null,
          null,
          null,
          null,
          null,
          null,
          null,
          null,
          null,
          null,
          null,
          null,
          null,
          null,
          1,
          null,
          null,
          null,
          null,
          null,
          1,
          null,
          1,
          null,
          null,
          null,
          null,
          1,
          15,
          null,
          null,
          1,
          null,
          1,
          null,
          1,
          9,
          9,
          null,
          null,
          1,
          null,
          1,
          9,
          9,
          null,
          9,
          9,
          9,
          null,
          9,
          9,
          9,
          9,
          null,
          null,
          null
        ],
        "branches": {
          "[:if, 0, 20, 28, 20, 107]": {
            "[:then, 1, 20, 48, 20, 101]": 5,
            "[:else, 2, 20, 104, 20, 107]": 3
          },
          "[:if, 3, 25, 6, 25, 92]": {
            "[:then, 4, 25, 6, 25, 64]": 1,
            "[:else, 5, 25, 6, 25, 92]": 7
          },
          "[:if, 6, 26, 6, 26, 74]": {
            "[:then, 7, 26, 6, 26, 52]": 1,
            "[:else, 8, 26, 6, 26, 74]": 7
          },
          "[:if, 9, 94, 6, 98, 41]": {
            "[:then, 10, 94, 6, 98, 9]": 1,
            "[:else, 11, 94, 6, 98, 41]": 8
          },
          "[:if, 12, 101, 6, 105, 39]": {
            "[:then, 13, 101, 6, 105, 9]": 1,
            "[:else, 14, 101, 6, 105, 39]": 8
          },
          "[:if, 15, 113, 6, 113, 66]": {
            "[:then, 16, 113, 6, 113, 46]": 2,
            "[:else, 17, 113, 6, 113, 66]": 7
          },
          "[:if, 18, 114, 6, 114, 113]": {
            "[:then, 19, 114, 6, 114, 85]": 1,
            "[:else, 20, 114, 6, 114, 113]": 8
          },
          "[:if, 21, 115, 6, 115, 95]": {
            "[:then, 22, 115, 6, 115, 73]": 1,
            "[:else, 23, 115, 6, 115, 95]": 8
          }
        }
      },
      "/home/jader/proyectos/fitloop/app/controllers/admin/users_controller.rb": {
        "lines": [
          null,
          null,
          1,
          1,
          1,
          4,
          4,
          4,
          2,
          2,
          null,
          null,
          null,
          null,
          4,
          null,
          null,
          1,
          1,
          1,
          null,
          null,
          null
        ],
        "branches": {
          "[:if, 0, 8, 6, 14, 9]": {
            "[:then, 1, 9, 8, 13, 9]": 2,
            "[:else, 2, 8, 6, 14, 9]": 2
          }
        }
      },
      "/home/jader/proyectos/fitloop/app/services/nesting/cancelled_error.rb": {
        "lines": [
          null,
          null,
          1,
          null,
          1,
          null
        ],
        "branches": {}
      },
      "/home/jader/proyectos/fitloop/app/services/billing/purge_expired_retained_downloads.rb": {
        "lines": [
          null,
          null,
          1,
          null,
          1,
          1,
          1,
          null,
          null,
          1,
          1,
          null,
          null,
          1,
          1,
          null,
          null,
          null
        ],
        "branches": {}
      },
      "/home/jader/proyectos/fitloop/app/services/nesting/materialize_split_proposal.rb": {
        "lines": [
          null,
          null,
          1,
          null,
          1,
          1,
          7,
          null,
          null,
          1,
          7,
          7,
          7,
          null,
          null,
          1,
          7,
          null,
          6,
          6,
          6,
          6,
          6,
          null,
          null,
          null,
          1,
          null,
          1,
          6,
          6,
          null,
          6,
          12,
          12,
          12,
          null,
          12,
          null,
          null,
          null,
          null,
          null,
          null,
          null,
          null,
          null,
          1,
          6,
          null,
          null,
          null,
          null,
          null,
          1,
          12,
          12,
          null,
          null,
          1,
          6,
          6,
          null,
          null,
          null,
          null,
          null,
          6,
          null,
          null,
          null,
          null,
          null,
          6,
          null,
          null,
          null
        ],
        "branches": {
          "[:if, 0, 17, 6, 17, 101]": {
            "[:then, 1, 17, 6, 17, 68]": 1,
            "[:else, 2, 17, 6, 17, 101]": 6
          },
          "[:if, 3, 36, 8, 36, 85]": {
            "[:then, 4, 36, 8, 36, 59]": 2,
            "[:else, 5, 36, 8, 36, 85]": 10
          },
          "[:\"&.\", 6, 49, 37, 52, 19]": {
            "[:then, 7, 49, 37, 52, 19]": 1,
            "[:else, 8, 49, 37, 52, 19]": 5
          }
        }
      },
      "/home/jader/proyectos/fitloop/app/controllers/legal_controller.rb": {
        "lines": [
          null,
          null,
          null,
          1,
          1,
          null,
          1,
          1,
          null,
          null,
          1,
          1,
          null,
          null
        ],
        "branches": {}
      },
      "/home/jader/proyectos/fitloop/app/controllers/users/confirmations_controller.rb": {
        "lines": [
          null,
          null,
          1,
          null,
          1,
          1,
          3,
          3,
          null,
          null,
          1,
          3,
          3,
          2,
          null,
          null,
          null,
          null,
          null,
          null,
          null,
          null,
          null,
          null,
          null,
          null,
          null
        ],
        "branches": {
          "[:if, 0, 8, 6, 8, 60]": {
            "[:then, 1, 8, 6, 8, 41]": 2,
            "[:else, 2, 8, 6, 8, 60]": 1
          },
          "[:if, 3, 13, 8, 23, 11]": {
            "[:then, 4, 14, 10, 22, 11]": 2,
            "[:else, 5, 13, 8, 23, 11]": 1
          }
        }
      },
      "/home/jader/proyectos/fitloop/app/controllers/accounts/deletions_controller.rb": {
        "lines": [
          null,
          null,
          1,
          null,
          1,
          1,
          null,
          1,
          1,
          null,
          null,
          1,
          5,
          5,
          null,
          null,
          1,
          2,
          1,
          1,
          null,
          null,
          1,
          null,
          null,
          1,
          5,
          1,
          1,
          null,
          null,
          4,
          1,
          1,
          1,
          null,
          null,
          3,
          1,
          1,
          1,
          null,
          null,
          2,
          2,
          null,
          2,
          null,
          null,
          null,
          null,
          null,
          null,
          null,
          null,
          null,
          null,
          null,
          null,
          null,
          2,
          2,
          2,
          2,
          null,
          null,
          1,
          null,
          1,
          7,
          null,
          null,
          null
        ],
        "branches": {
          "[:unless, 0, 18, 6, 21, 9]": {
            "[:else, 1, 18, 6, 21, 9]": 1,
            "[:then, 2, 19, 8, 20, 14]": 1
          },
          "[:unless, 3, 27, 6, 30, 9]": {
            "[:else, 4, 27, 6, 30, 9]": 4,
            "[:then, 5, 28, 8, 29, 14]": 1
          },
          "[:unless, 6, 32, 6, 36, 9]": {
            "[:else, 7, 32, 6, 36, 9]": 3,
            "[:then, 8, 33, 8, 35, 61]": 1
          },
          "[:unless, 9, 38, 6, 42, 9]": {
            "[:else, 10, 38, 6, 42, 9]": 2,
            "[:then, 11, 39, 8, 41, 61]": 1
          }
        }
      },
      "/home/jader/proyectos/fitloop/app/controllers/users/passwords_controller.rb": {
        "lines": [
          null,
          null,
          1,
          null,
          1,
          1,
          2,
          null,
          2,
          1,
          null,
          1,
          null,
          null,
          null,
          1,
          2,
          null,
          2,
          1,
          null,
          1,
          1,
          null,
          null,
          null,
          null
        ],
        "branches": {
          "[:if, 0, 9, 6, 13, 9]": {
            "[:then, 1, 10, 8, 10, 80]": 1,
            "[:else, 2, 12, 8, 12, 50]": 1
          },
          "[:if, 3, 19, 6, 24, 9]": {
            "[:then, 4, 20, 8, 20, 77]": 1,
            "[:else, 5, 22, 8, 23, 51]": 1
          }
        }
      },
      "/home/jader/proyectos/fitloop/app/controllers/admin/ventas_controller.rb": {
        "lines": [
          null,
          null,
          1,
          1,
          1,
          11,
          11,
          11,
          11,
          null,
          11,
          11,
          11,
          11,
          11,
          11,
          null,
          11,
          11,
          11,
          null,
          11,
          null,
          null,
          null,
          null,
          11,
          null,
          null,
          null,
          null,
          null,
          11,
          null,
          null,
          1,
          3,
          null,
          3,
          null,
          null,
          null,
          null,
          null,
          1,
          10,
          10,
          10,
          null,
          null,
          null,
          null,
          null,
          10,
          null,
          null,
          null,
          null,
          null,
          1,
          null,
          1,
          10,
          2,
          null,
          null,
          8,
          null,
          null,
          1,
          10,
          null,
          null,
          1,
          24,
          null,
          null,
          1,
          3,
          3,
          null,
          null,
          1,
          22,
          22,
          null,
          null,
          null
        ],
        "branches": {
          "[:if, 0, 63, 6, 65, 9]": {
            "[:then, 1, 64, 8, 64, 80]": 2,
            "[:else, 2, 63, 6, 65, 9]": 8
          },
          "[:if, 3, 75, 6, 75, 50]": {
            "[:then, 4, 75, 36, 75, 41]": 2,
            "[:else, 5, 75, 44, 75, 50]": 22
          }
        }
      },
      "/home/jader/proyectos/fitloop/app/controllers/locales_controller.rb": {
        "lines": [
          null,
          null,
          null,
          1,
          1,
          10,
          10,
          1,
          1,
          null,
          null,
          9,
          null,
          null,
          null,
          null,
          9,
          null,
          null,
          null,
          null,
          9,
          9,
          null,
          null
        ],
        "branches": {
          "[:unless, 0, 7, 4, 10, 7]": {
            "[:else, 1, 7, 4, 10, 7]": 9,
            "[:then, 2, 8, 6, 9, 12]": 1
          }
        }
      }
    },
    "timestamp": 1780847604
  }
}
